2016-05-09 13:10:19.0968 [DEBUG] Scene Fusion version 0.7.4
2016-05-09 13:10:22.4987 [DEBUG] Scene Fusion version 0.7.4
2016-05-09 13:10:51.1355 [DEBUG] Scene Fusion version 0.7.4
2016-05-09 15:53:33.8391 [DEBUG] Scene Fusion version 0.7.4
2016-05-09 16:01:49.7330 [DEBUG] Scene Fusion version 0.7.4
2016-05-09 16:02:05.1318 [DEBUG] Scene Fusion version 0.7.4
2016-05-09 16:03:11.9088 [DEBUG] Scene Fusion version 0.7.4
2016-05-09 16:04:25.2952 [DEBUG] Scene Fusion version 0.7.4
2016-05-09 16:05:32.0163 [DEBUG] Scene Fusion version 0.7.4
2016-05-09 16:05:34.4170 [DEBUG] Scene Fusion version 0.7.4
2016-05-09 16:10:47.2870 [DEBUG] Scene Fusion version 0.7.4
2016-05-09 16:11:10.5963 [DEBUG] Scene Fusion version 0.7.4
2016-05-09 16:11:11.8546 [DEBUG] Scene Fusion version 0.7.4
2016-05-09 16:11:37.1862 [DEBUG] Scene Fusion version 0.7.4
2016-05-09 16:12:15.2744 [DEBUG] Scene Fusion version 0.7.4
2016-05-09 16:13:13.1365 [DEBUG] Scene Fusion version 0.7.4
2016-05-09 16:13:30.0816 [DEBUG] Scene Fusion version 0.7.4
2016-05-09 16:13:41.2624 [DEBUG] Scene Fusion version 0.7.4
2016-05-09 16:19:04.5434 [DEBUG] Scene Fusion version 0.7.4
2016-05-09 16:21:58.3354 [DEBUG] Scene Fusion version 0.7.4
2016-05-09 16:22:04.9791 [DEBUG] Scene Fusion version 0.7.4
2016-05-09 16:22:17.7067 [DEBUG] Scene Fusion version 0.7.4
2016-05-09 16:22:26.1764 [DEBUG] Scene Fusion version 0.7.4
2016-05-09 16:22:43.5362 [DEBUG] Scene Fusion version 0.7.4
2016-05-09 16:26:29.7148 [DEBUG] Scene Fusion version 0.7.4
2016-05-09 16:27:42.0929 [DEBUG] Scene Fusion version 0.7.4
2016-05-09 16:28:46.5069 [DEBUG] Scene Fusion version 0.7.4
2016-05-09 16:28:56.2784 [DEBUG] Scene Fusion version 0.7.4
2016-05-09 16:30:28.4268 [DEBUG] Scene Fusion version 0.7.4
2016-05-09 16:31:34.5160 [DEBUG] Scene Fusion version 0.7.4
2016-05-09 16:31:44.9176 [DEBUG] Scene Fusion version 0.7.4
2016-05-09 16:31:54.0540 [DEBUG] Scene Fusion version 0.7.4
2016-05-09 16:32:01.6410 [DEBUG] Scene Fusion version 0.7.4
2016-05-09 16:32:23.1306 [DEBUG] Scene Fusion version 0.7.4
2016-05-09 16:32:50.3190 [DEBUG] Scene Fusion version 0.7.4
2016-05-09 16:32:57.1277 [DEBUG] Scene Fusion version 0.7.4
2016-05-09 16:33:06.1895 [DEBUG] Scene Fusion version 0.7.4
2016-05-09 16:33:23.6744 [DEBUG] Scene Fusion version 0.7.4
2016-05-09 16:33:49.6470 [DEBUG] Scene Fusion version 0.7.4
2016-05-09 16:33:50.8743 [DEBUG] Scene Fusion version 0.7.4
2016-05-09 16:33:58.6053 [DEBUG] Scene Fusion version 0.7.4
2016-05-09 16:34:07.8720 [DEBUG] Scene Fusion version 0.7.4
2016-05-09 16:34:14.2284 [DEBUG] Scene Fusion version 0.7.4
2016-05-09 16:34:18.4455 [DEBUG] Scene Fusion version 0.7.4
2016-05-09 16:34:22.0170 [DEBUG] Scene Fusion version 0.7.4
2016-05-09 16:34:25.3128 [DEBUG] Scene Fusion version 0.7.4
2016-05-09 16:34:28.9127 [DEBUG] Scene Fusion version 0.7.4
2016-05-09 16:34:33.0742 [DEBUG] Scene Fusion version 0.7.4
2016-05-09 16:35:01.7143 [DEBUG] Scene Fusion version 0.7.4
2016-05-09 16:36:00.2723 [DEBUG] Scene Fusion version 0.7.4
2016-05-09 16:36:31.6078 [DEBUG] Scene Fusion version 0.7.4
2016-05-09 16:37:08.8248 [DEBUG] Scene Fusion version 0.7.4
2016-05-09 16:37:45.7846 [DEBUG] Scene Fusion version 0.7.4
2016-05-09 16:37:47.1290 [DEBUG] Scene Fusion version 0.7.4
2016-05-09 16:38:24.1555 [DEBUG] Scene Fusion version 0.7.4
2016-05-09 16:38:25.4650 [DEBUG] Scene Fusion version 0.7.4
2016-05-09 16:39:31.6172 [DEBUG] Scene Fusion version 0.7.4
2016-05-09 16:39:40.4865 [DEBUG] Scene Fusion version 0.7.4
2016-05-09 16:39:56.4857 [DEBUG] Scene Fusion version 0.7.4
2016-05-09 16:42:03.5690 [DEBUG] Scene Fusion version 0.7.4
2016-05-09 16:42:18.6638 [DEBUG] Scene Fusion version 0.7.4
2016-05-09 16:42:32.9072 [DEBUG] Scene Fusion version 0.7.4
2016-05-09 16:42:50.1968 [DEBUG] Scene Fusion version 0.7.4
2016-05-09 16:43:16.1956 [DEBUG] Scene Fusion version 0.7.4
2016-05-09 16:43:17.5799 [DEBUG] Scene Fusion version 0.7.4
2016-05-09 16:51:39.2638 [DEBUG] Scene Fusion version 0.7.4
2016-05-09 18:04:43.3285 [DEBUG] Scene Fusion version 0.7.4
2016-05-09 18:05:14.4315 [DEBUG] Scene Fusion version 0.7.4
2016-05-09 18:18:27.8492 [DEBUG] Scene Fusion version 0.7.4
2016-05-09 18:19:53.5258 [DEBUG] Scene Fusion version 0.7.4
2016-05-09 18:21:23.5161 [DEBUG] Scene Fusion version 0.7.4
2016-05-09 18:23:19.6880 [DEBUG] Scene Fusion version 0.7.4
2016-05-09 18:23:29.0063 [DEBUG] Scene Fusion version 0.7.4
2016-05-09 18:24:12.5596 [DEBUG] Scene Fusion version 0.7.4
2016-05-09 18:27:17.6921 [DEBUG] Scene Fusion version 0.7.4
2016-05-09 18:27:35.7146 [DEBUG] Scene Fusion version 0.7.4
2016-05-09 18:28:11.9716 [DEBUG] Scene Fusion version 0.7.4
2016-05-09 18:28:44.1741 [DEBUG] Scene Fusion version 0.7.4
2016-05-09 18:29:33.5821 [DEBUG] Scene Fusion version 0.7.4
2016-05-09 18:31:17.4078 [DEBUG] Scene Fusion version 0.7.4
2016-05-09 18:32:28.5196 [DEBUG] Scene Fusion version 0.7.4
2016-05-09 18:32:30.0630 [DEBUG] Scene Fusion version 0.7.4
2016-05-09 18:33:01.0568 [DEBUG] Scene Fusion version 0.7.4
2016-05-09 18:33:14.4362 [DEBUG] Scene Fusion version 0.7.4
2016-05-09 18:34:22.4059 [DEBUG] Scene Fusion version 0.7.4
2016-05-09 18:34:31.5133 [DEBUG] Scene Fusion version 0.7.4
2016-05-09 18:59:48.3846 [DEBUG] Scene Fusion version 0.7.4
2016-05-09 19:04:53.3043 [DEBUG] Scene Fusion version 0.7.4
2016-05-09 19:07:11.0672 [DEBUG] Scene Fusion version 0.7.4
2016-05-09 19:08:07.4415 [DEBUG] Scene Fusion version 0.7.4
2016-05-09 19:16:14.5333 [DEBUG] Scene Fusion version 0.7.4
2016-05-09 19:16:59.4976 [DEBUG] Scene Fusion version 0.7.4
2016-05-09 19:18:01.5729 [DEBUG] Scene Fusion version 0.7.4
2016-05-09 19:36:03.1852 [DEBUG] Login. (Email: harryroper@icloud.co.uk)
2016-05-09 19:36:08.4074 [DEBUG] Login. (Email: harryroper@icloud.co.uk)
2016-05-09 19:36:12.2414 [DEBUG] Login. (Email: harryroper@icloud.co.uk)
2016-05-09 19:36:18.3360 [DEBUG] Login. (Email: harryroper@icloud.co.uk)
2016-05-09 19:36:22.4106 [DEBUG] Login. (Email: harryroper@icloud.co.uk)
2016-05-09 19:36:27.6560 [DEBUG] Login. (Email: harryroper@icloud.co.uk)
2016-05-09 19:36:53.3034 [DEBUG] Login. (Email: harryroper@icloud.co.uk)
2016-05-09 19:37:32.7546 [DEBUG] Login. (Email: harryroper@icloud.com)
2016-05-09 19:37:35.5774 [DEBUG] Login. (Email: harryroper@icloud.com)
2016-05-09 19:37:36.2261 [DEBUG] Login complete.
2016-05-09 19:37:43.0271 [DEBUG] Host connection. (Session: 1613)
2016-05-09 19:37:43.0371 [DEBUG] Connecting to room (1613:MR_1_1:Beta0.7.4Room) via TCP at staging2.scenefusion.com:1025
2016-05-09 19:37:44.3282 [DEBUG] Authenticating with server...
2016-05-09 19:37:44.5714 [DEBUG] Connected to room. (1613:MR_1_1:Beta0.7.4Room)
2016-05-09 19:37:44.5754 [INFO] Connected to server.
2016-05-09 19:37:45.0277 [DEBUG] Uploading scene 'MR_1_1'
2016-05-09 19:43:20.9032 [DEBUG] Spawn request. (Objects: 1)
2016-05-09 19:43:27.4326 [DEBUG] Spawn request. (Objects: 1)
2016-05-09 19:44:06.7703 [DEBUG] Spawn request. (Objects: 1)
2016-05-09 19:45:15.9046 [DEBUG] Spawn request. (Objects: 1)
2016-05-09 19:45:19.2821 [DEBUG] Spawn request. (Objects: 1)
2016-05-09 19:45:21.2286 [DEBUG] Spawn request. (Objects: 1)
2016-05-09 19:45:27.5070 [DEBUG] Spawn request. (Objects: 1)
2016-05-09 19:45:33.4408 [DEBUG] Spawn request. (Objects: 1)
2016-05-09 19:45:35.0348 [DEBUG] Spawn request. (Objects: 1)
2016-05-09 19:45:38.7956 [DEBUG] Spawn request. (Objects: 1)
2016-05-09 19:46:09.4219 [DEBUG] Spawn request. (Objects: 1)
2016-05-09 19:46:39.3130 [DEBUG] Spawn request. (Objects: 1)
2016-05-09 19:47:21.9628 [DEBUG] Spawn request. (Objects: 1)
2016-05-09 19:47:39.3934 [DEBUG] Spawn request. (Objects: 1)
2016-05-09 19:47:47.9537 [DEBUG] Spawn request. (Objects: 1)
2016-05-09 19:48:00.0910 [DEBUG] Spawn request. (Objects: 1)
2016-05-09 19:48:05.7860 [DEBUG] Spawn request. (Objects: 1)
2016-05-09 19:48:10.5698 [DEBUG] Spawn request. (Objects: 1)
2016-05-09 19:48:12.8832 [DEBUG] Spawn request. (Objects: 1)
2016-05-09 19:48:19.0755 [DEBUG] Spawn request. (Objects: 1)
2016-05-09 19:48:24.0671 [DEBUG] Spawn request. (Objects: 1)
2016-05-09 19:48:25.9234 [DEBUG] Spawn request. (Objects: 1)
2016-05-09 19:48:28.6194 [DEBUG] Spawn request. (Objects: 1)
2016-05-09 19:48:30.2019 [DEBUG] Spawn request. (Objects: 1)
2016-05-09 19:48:49.2850 [DEBUG] Spawn request. (Objects: 2)
2016-05-09 19:48:56.1864 [DEBUG] Spawn request. (Objects: 1)
2016-05-09 19:49:08.8888 [DEBUG] Spawn request. (Objects: 1)
2016-05-09 19:49:18.5042 [DEBUG] Spawn request. (Objects: 1)
2016-05-09 19:49:25.3567 [DEBUG] Spawn request. (Objects: 4)
2016-05-09 19:49:28.3084 [DEBUG] Spawn request. (Objects: 4)
2016-05-09 19:49:32.7761 [DEBUG] Spawn request. (Objects: 8)
2016-05-09 19:49:51.7141 [DEBUG] Spawn request. (Objects: 2)
2016-05-09 19:50:01.5128 [DEBUG] Spawn request. (Objects: 1)
2016-05-09 19:50:17.9315 [DEBUG] Spawn request. (Objects: 2)
2016-05-09 19:50:20.2970 [DEBUG] Spawn request. (Objects: 2)
2016-05-09 19:50:28.1603 [DEBUG] Spawn request. (Objects: 2)
2016-05-09 19:50:50.9337 [DEBUG] Spawn request. (Objects: 2)
2016-05-09 19:51:32.6869 [DEBUG] Spawn request. (Objects: 4)
2016-05-09 19:51:39.0179 [DEBUG] Spawn request. (Objects: 2)
2016-05-09 19:51:48.0796 [DEBUG] Spawn request. (Objects: 4)
2016-05-09 19:52:36.3501 [DEBUG] Spawn request. (Objects: 12)
2016-05-09 19:53:42.3217 [DEBUG] Spawn request. (Objects: 1)
2016-05-09 19:53:52.9998 [DEBUG] Spawn request. (Objects: 4)
2016-05-09 19:53:57.7058 [ERROR] Disconnected: TIMEOUT
2016-05-09 19:53:57.7098 [DEBUG] Disconnect. (Duration: 973)
2016-05-09 19:54:27.4418 [DEBUG] Guest connection. (Session: 1613)
2016-05-09 19:54:27.4418 [DEBUG] Connecting to room (1613:MR_1_1:Beta0.7.4Room) via TCP at staging2.scenefusion.com:1025
2016-05-09 19:54:27.6240 [DEBUG] Authenticating with server...
2016-05-09 19:54:27.7943 [DEBUG] Authentication with the remote host failed. (1613:MR_1_1:Beta0.7.4Room)
2016-05-09 19:54:27.8013 [DEBUG] Failed to authenticate: Connection refused because this user is already connected to the session.
2016-05-09 19:54:28.8901 [DEBUG] Connection Failed. (1613:MR_1_1:Beta0.7.4Room)
2016-05-09 19:54:35.9128 [DEBUG] Host connection. (Session: 1614)
2016-05-09 19:54:35.9128 [DEBUG] Connecting to room (1614:MR_1_1:Beta0.7.4Room) via TCP at staging2.scenefusion.com:1025
2016-05-09 19:54:36.7322 [DEBUG] Authenticating with server...
2016-05-09 19:54:36.9737 [DEBUG] Connected to room. (1614:MR_1_1:Beta0.7.4Room)
2016-05-09 19:54:36.9747 [INFO] Connected to server.
2016-05-09 19:54:37.3724 [DEBUG] Uploading scene 'MR_1_1'
2016-05-09 19:54:37.4064 [DEBUG] Spawn request. (Objects: 78)
2016-05-09 19:56:01.6728 [DEBUG] Spawn request. (Objects: 6)
2016-05-09 19:57:50.3304 [DEBUG] Spawn request. (Objects: 4)
2016-05-09 19:57:53.2138 [DEBUG] Spawn request. (Objects: 4)
2016-05-09 19:57:55.5042 [DEBUG] Spawn request. (Objects: 4)
2016-05-09 19:57:59.9048 [DEBUG] Spawn request. (Objects: 10)
2016-05-09 19:58:33.7704 [ERROR] Disconnected: TIMEOUT
2016-05-09 19:58:33.7745 [DEBUG] Disconnect. (Duration: 236)
2016-05-09 19:58:43.2015 [DEBUG] Host connection. (Session: 1615)
2016-05-09 19:58:43.2015 [DEBUG] Connecting to room (1615:MR_1_1:Beta0.7.4Room) via TCP at staging2.scenefusion.com:1025
2016-05-09 19:58:44.0819 [DEBUG] Authenticating with server...
2016-05-09 19:58:44.3481 [DEBUG] Connected to room. (1615:MR_1_1:Beta0.7.4Room)
2016-05-09 19:58:44.3541 [INFO] Connected to server.
2016-05-09 19:58:44.7394 [DEBUG] Uploading scene 'MR_1_1'
2016-05-09 19:58:44.8254 [DEBUG] Spawn request. (Objects: 227)
2016-05-09 19:59:01.5795 [DEBUG] Spawn request. (Objects: 2)
2016-05-09 19:59:30.1768 [DEBUG] Spawn request. (Objects: 6)
2016-05-09 19:59:36.6317 [DEBUG] Spawn request. (Objects: 6)
2016-05-09 20:00:32.9895 [DEBUG] Spawn request. (Objects: 12)
2016-05-09 20:00:42.9435 [DEBUG] Spawn request. (Objects: 12)
2016-05-09 20:00:45.3162 [DEBUG] Spawn request. (Objects: 12)
2016-05-09 20:03:46.5717 [DEBUG] Spawn request. (Objects: 1)
2016-05-09 20:05:27.7473 [DEBUG] Spawn request. (Objects: 1)
2016-05-09 20:08:44.9978 [DEBUG] Spawn request. (Objects: 1)
2016-05-09 20:09:02.2273 [DEBUG] Spawn request. (Objects: 1)
2016-05-09 20:09:06.2358 [DEBUG] Spawn request. (Objects: 1)
2016-05-09 20:11:34.0263 [DEBUG] Spawn request. (Objects: 1)
2016-05-09 20:13:04.3306 [DEBUG] Spawn request. (Objects: 1)
2016-05-09 20:13:41.1569 [DEBUG] Spawn request. (Objects: 2)
2016-05-09 20:13:45.2899 [DEBUG] Spawn request. (Objects: 2)
2016-05-09 20:19:27.7669 [ERROR] Disconnected: TIMEOUT
2016-05-09 20:19:27.7699 [DEBUG] Disconnect. (Duration: 1243)
2016-05-09 20:52:28.4721 [DEBUG] Host connection. (Session: 1616)
2016-05-09 20:52:28.4721 [DEBUG] Connecting to room (1616:MR_1_1:Beta0.7.4Room) via TCP at staging2.scenefusion.com:1025
2016-05-09 20:52:29.4663 [DEBUG] Authenticating with server...
2016-05-09 20:52:29.7556 [DEBUG] Connected to room. (1616:MR_1_1:Beta0.7.4Room)
2016-05-09 20:52:29.7596 [INFO] Connected to server.
2016-05-09 20:52:30.1648 [DEBUG] Uploading scene 'MR_1_1'
2016-05-09 20:52:30.3418 [DEBUG] Spawn request. (Objects: 386)
2016-05-09 20:56:56.7841 [DEBUG] Disconnecting from room (1616:MR_1_1:Beta0.7.4Room)
2016-05-09 20:56:56.7841 [INFO] Disconnected from server.
2016-05-09 20:56:56.7881 [DEBUG] Disconnect. (Duration: 266)
2016-05-09 20:57:09.6010 [DEBUG] Host connection. (Session: 1617)
2016-05-09 20:57:09.6010 [DEBUG] Connecting to room (1617:Recover:Beta0.7.4Room) via TCP at staging2.scenefusion.com:1025
2016-05-09 20:57:09.7861 [DEBUG] Authenticating with server...
2016-05-09 20:57:10.1082 [DEBUG] Connected to room. (1617:Recover:Beta0.7.4Room)
2016-05-09 20:57:10.1152 [INFO] Connected to server.
2016-05-09 20:57:10.5433 [DEBUG] Uploading scene 'Recover'
2016-05-09 20:57:10.7673 [DEBUG] Spawn request. (Objects: 538)
2016-05-09 20:58:05.6010 [DEBUG] Disconnecting from room (1617:Recover:Beta0.7.4Room)
2016-05-09 20:58:05.6020 [INFO] Disconnected from server.
2016-05-09 20:58:05.6050 [DEBUG] Disconnect. (Duration: 55)
2016-05-09 21:00:31.0959 [DEBUG] Scene Fusion version 0.7.4
2016-05-09 21:00:53.7824 [DEBUG] Scene Fusion version 0.7.4
2016-05-09 21:01:12.0080 [DEBUG] Scene Fusion version 0.7.4
2016-05-09 21:02:40.9139 [DEBUG] Scene Fusion version 0.7.4
2016-05-09 21:02:44.2557 [DEBUG] Scene Fusion version 0.7.4
2016-05-09 21:03:30.2327 [DEBUG] Scene Fusion version 0.7.4
2016-05-09 21:03:31.5850 [DEBUG] Scene Fusion version 0.7.4
2016-05-09 21:03:48.5800 [DEBUG] Scene Fusion version 0.7.4
2016-05-09 21:12:20.3976 [DEBUG] Scene Fusion version 0.7.4
